Linked: (/home/xyzlatte/ws_start/devel/.private/direct_lidar_inertial_odometry/include/direct_lidar_inertial_odometry/save_pcdResponse.h, /home/xyzlatte/ws_start/devel/include/direct_lidar_inertial_odometry/save_pcdResponse.h)
Linked: (/home/xyzlatte/ws_start/devel/.private/direct_lidar_inertial_odometry/include/direct_lidar_inertial_odometry/save_pcdRequest.h, /home/xyzlatte/ws_start/devel/include/direct_lidar_inertial_odometry/save_pcdRequest.h)
Linked: (/home/xyzlatte/ws_start/devel/.private/direct_lidar_inertial_odometry/include/direct_lidar_inertial_odometry/save_pcd.h, /home/xyzlatte/ws_start/devel/include/direct_lidar_inertial_odometry/save_pcd.h)
Linked: (/home/xyzlatte/ws_start/devel/.private/direct_lidar_inertial_odometry/lib/libnano_gicp.a, /home/xyzlatte/ws_start/devel/lib/libnano_gicp.a)
Linked: (/home/xyzlatte/ws_start/devel/.private/direct_lidar_inertial_odometry/lib/libnanoflann.a, /home/xyzlatte/ws_start/devel/lib/libnanoflann.a)
Linked: (/home/xyzlatte/ws_start/devel/.private/direct_lidar_inertial_odometry/lib/python3/dist-packages/direct_lidar_inertial_odometry/__init__.py, /home/xyzlatte/ws_start/devel/lib/python3/dist-packages/direct_lidar_inertial_odometry/__init__.py)
Linked: (/home/xyzlatte/ws_start/devel/.private/direct_lidar_inertial_odometry/lib/python3/dist-packages/direct_lidar_inertial_odometry/srv/_save_pcd.py, /home/xyzlatte/ws_start/devel/lib/python3/dist-packages/direct_lidar_inertial_odometry/srv/_save_pcd.py)
Linked: (/home/xyzlatte/ws_start/devel/.private/direct_lidar_inertial_odometry/lib/python3/dist-packages/direct_lidar_inertial_odometry/srv/__init__.py, /home/xyzlatte/ws_start/devel/lib/python3/dist-packages/direct_lidar_inertial_odometry/srv/__init__.py)
Linked: (/home/xyzlatte/ws_start/devel/.private/direct_lidar_inertial_odometry/lib/pkgconfig/direct_lidar_inertial_odometry.pc, /home/xyzlatte/ws_start/devel/lib/pkgconfig/direct_lidar_inertial_odometry.pc)
Linked: (/home/xyzlatte/ws_start/devel/.private/direct_lidar_inertial_odometry/lib/direct_lidar_inertial_odometry/dlio_map_node, /home/xyzlatte/ws_start/devel/lib/direct_lidar_inertial_odometry/dlio_map_node)
Linked: (/home/xyzlatte/ws_start/devel/.private/direct_lidar_inertial_odometry/lib/direct_lidar_inertial_odometry/dlio_odom_node, /home/xyzlatte/ws_start/devel/lib/direct_lidar_inertial_odometry/dlio_odom_node)
Linked: (/home/xyzlatte/ws_start/devel/.private/direct_lidar_inertial_odometry/share/gennodejs/ros/direct_lidar_inertial_odometry/_index.js, /home/xyzlatte/ws_start/devel/share/gennodejs/ros/direct_lidar_inertial_odometry/_index.js)
Linked: (/home/xyzlatte/ws_start/devel/.private/direct_lidar_inertial_odometry/share/gennodejs/ros/direct_lidar_inertial_odometry/srv/save_pcd.js, /home/xyzlatte/ws_start/devel/share/gennodejs/ros/direct_lidar_inertial_odometry/srv/save_pcd.js)
Linked: (/home/xyzlatte/ws_start/devel/.private/direct_lidar_inertial_odometry/share/gennodejs/ros/direct_lidar_inertial_odometry/srv/_index.js, /home/xyzlatte/ws_start/devel/share/gennodejs/ros/direct_lidar_inertial_odometry/srv/_index.js)
Linked: (/home/xyzlatte/ws_start/devel/.private/direct_lidar_inertial_odometry/share/common-lisp/ros/direct_lidar_inertial_odometry/srv/direct_lidar_inertial_odometry-srv.asd, /home/xyzlatte/ws_start/devel/share/common-lisp/ros/direct_lidar_inertial_odometry/srv/direct_lidar_inertial_odometry-srv.asd)
Linked: (/home/xyzlatte/ws_start/devel/.private/direct_lidar_inertial_odometry/share/common-lisp/ros/direct_lidar_inertial_odometry/srv/_package_save_pcd.lisp, /home/xyzlatte/ws_start/devel/share/common-lisp/ros/direct_lidar_inertial_odometry/srv/_package_save_pcd.lisp)
Linked: (/home/xyzlatte/ws_start/devel/.private/direct_lidar_inertial_odometry/share/common-lisp/ros/direct_lidar_inertial_odometry/srv/save_pcd.lisp, /home/xyzlatte/ws_start/devel/share/common-lisp/ros/direct_lidar_inertial_odometry/srv/save_pcd.lisp)
Linked: (/home/xyzlatte/ws_start/devel/.private/direct_lidar_inertial_odometry/share/common-lisp/ros/direct_lidar_inertial_odometry/srv/_package.lisp, /home/xyzlatte/ws_start/devel/share/common-lisp/ros/direct_lidar_inertial_odometry/srv/_package.lisp)
Linked: (/home/xyzlatte/ws_start/devel/.private/direct_lidar_inertial_odometry/share/roseus/ros/direct_lidar_inertial_odometry/manifest.l, /home/xyzlatte/ws_start/devel/share/roseus/ros/direct_lidar_inertial_odometry/manifest.l)
Linked: (/home/xyzlatte/ws_start/devel/.private/direct_lidar_inertial_odometry/share/roseus/ros/direct_lidar_inertial_odometry/srv/save_pcd.l, /home/xyzlatte/ws_start/devel/share/roseus/ros/direct_lidar_inertial_odometry/srv/save_pcd.l)
Linked: (/home/xyzlatte/ws_start/devel/.private/direct_lidar_inertial_odometry/share/direct_lidar_inertial_odometry/cmake/direct_lidar_inertial_odometryConfig-version.cmake, /home/xyzlatte/ws_start/devel/share/direct_lidar_inertial_odometry/cmake/direct_lidar_inertial_odometryConfig-version.cmake)
Linked: (/home/xyzlatte/ws_start/devel/.private/direct_lidar_inertial_odometry/share/direct_lidar_inertial_odometry/cmake/direct_lidar_inertial_odometry-msg-extras.cmake, /home/xyzlatte/ws_start/devel/share/direct_lidar_inertial_odometry/cmake/direct_lidar_inertial_odometry-msg-extras.cmake)
Linked: (/home/xyzlatte/ws_start/devel/.private/direct_lidar_inertial_odometry/share/direct_lidar_inertial_odometry/cmake/direct_lidar_inertial_odometry-msg-paths.cmake, /home/xyzlatte/ws_start/devel/share/direct_lidar_inertial_odometry/cmake/direct_lidar_inertial_odometry-msg-paths.cmake)
Linked: (/home/xyzlatte/ws_start/devel/.private/direct_lidar_inertial_odometry/share/direct_lidar_inertial_odometry/cmake/direct_lidar_inertial_odometryConfig.cmake, /home/xyzlatte/ws_start/devel/share/direct_lidar_inertial_odometry/cmake/direct_lidar_inertial_odometryConfig.cmake)
